[15:41:19] [Client thread/INFO]: Setting user: Player857
[15:41:27] [Client thread/INFO]: LWJGL Version: 2.9.4
[15:41:29] [Client thread/INFO]: [STDOUT]: ---- Minecraft Crash Report ----
// Would you like a cupcake?

Time: 2/3/17 3:41 PM
Description: Loading screen debug info

This is just a prompt for computer specs to be printed. THIS IS NOT A ERROR


A detailed walkthrough of the error, its code path and all known details is as follows:
---------------------------------------------------------------------------------------

-- System Details --
Details:
	Minecraft Version: 1.11
	Operating System: Windows 10 (amd64) version 10.0
	Java Version: 1.8.0_101, Oracle Corporation
	Java VM Version: Java HotSpot(TM) 64-Bit Server VM (mixed mode), Oracle Corporation
	Memory: 737553952 bytes (703 MB) / 1038876672 bytes (990 MB) up to 1038876672 bytes (990 MB)
	JVM Flags: 3 total; -Xincgc -Xmx1024M -Xms1024M
	IntCache: cache: 0, tcache: 0, allocated: 0, tallocated: 0
	FML: 
	Loaded coremods (and transformers): 
	GL info: ' Vendor: 'Intel' Version: '4.3.0 - Build 20.19.15.4531' Renderer: 'Intel(R) HD Graphics 4600'
[15:41:34] [Client thread/INFO]: Reloading ResourceManager: Default, FMLFileResourcePack:Forge Mod Loader, FMLFileResourcePack:Minecraft Forge, FMLFileResourcePack:PSIONICS, FMLFileResourcePack:Example Mod
[15:41:43] [Sound Library Loader/INFO]: Starting up SoundSystem...
[15:41:43] [Thread-7/INFO]: Initializing LWJGL OpenAL
[15:41:43] [Thread-7/INFO]: (The LWJGL binding of OpenAL.  For more information, see http://www.lwjgl.org)
[15:41:44] [Thread-7/INFO]: OpenAL initialized.
[15:41:44] [Sound Library Loader/INFO]: Sound engine started
[15:41:53] [Client thread/INFO]: Created: 16x16 textures-atlas
[15:41:56] [Client thread/INFO]: [STDOUT]: DIRT BLOCK >> tile.dirt
[15:41:56] [Client thread/INFO]: Reloading ResourceManager: Default, FMLFileResourcePack:Forge Mod Loader, FMLFileResourcePack:Minecraft Forge, FMLFileResourcePack:PSIONICS, FMLFileResourcePack:Example Mod
[15:42:01] [Client thread/INFO]: SoundSystem shutting down...
[15:42:01] [Client thread/WARN]: Author: Paul Lamb, www.paulscode.com
[15:42:01] [Sound Library Loader/INFO]: Starting up SoundSystem...
[15:42:01] [Thread-9/INFO]: Initializing LWJGL OpenAL
[15:42:01] [Thread-9/INFO]: (The LWJGL binding of OpenAL.  For more information, see http://www.lwjgl.org)
[15:42:01] [Thread-9/INFO]: OpenAL initialized.
[15:42:02] [Sound Library Loader/INFO]: Sound engine started
[15:42:09] [Client thread/INFO]: Created: 512x512 textures-atlas
[15:42:11] [Realms Notification Availability checker #1/INFO]: Could not authorize you against Realms server: Invalid session id
[15:42:16] [Server thread/INFO]: Starting integrated minecraft server version 1.11
[15:42:16] [Server thread/INFO]: Generating keypair
[15:42:18] [Server thread/INFO]: Preparing start region for level 0
[15:42:19] [Server thread/INFO]: Preparing spawn area: 7%
[15:42:20] [Server thread/INFO]: Preparing spawn area: 12%
[15:42:21] [Server thread/INFO]: Preparing spawn area: 17%
[15:42:22] [Server thread/INFO]: Preparing spawn area: 22%
[15:42:23] [Server thread/INFO]: Preparing spawn area: 32%
[15:42:24] [Server thread/INFO]: Preparing spawn area: 40%
[15:42:25] [Server thread/INFO]: Preparing spawn area: 48%
[15:42:26] [Server thread/INFO]: Preparing spawn area: 55%
[15:42:27] [Server thread/INFO]: Preparing spawn area: 65%
[15:42:28] [Server thread/INFO]: Preparing spawn area: 76%
[15:42:29] [Server thread/INFO]: Preparing spawn area: 90%
[15:42:30] [Server thread/INFO]: Changing view distance to 12, from 10
[15:42:32] [Server thread/INFO]: Player857[local:E:046a054a] logged in with entity id 1452 at (249.5, 71.0, 209.5)
[15:42:32] [Server thread/INFO]: Player857 joined the game
[15:42:35] [pool-2-thread-1/WARN]: Couldn't look up profile properties for com.mojang.authlib.GameProfile@1162f0ed[id=1455153c-1276-3617-8489-c22f3316fb17,name=Player857,properties={},legacy=false]
com.mojang.authlib.exceptions.AuthenticationException: The client has sent too many requests within a certain amount of time
	at com.mojang.authlib.yggdrasil.YggdrasilAuthenticationService.makeRequest(YggdrasilAuthenticationService.java:79) ~[YggdrasilAuthenticationService.class:?]
	at com.mojang.authlib.yggdrasil.YggdrasilMinecraftSessionService.fillGameProfile(YggdrasilMinecraftSessionService.java:180) [YggdrasilMinecraftSessionService.class:?]
	at com.mojang.authlib.yggdrasil.YggdrasilMinecraftSessionService$1.load(YggdrasilMinecraftSessionService.java:60) [YggdrasilMinecraftSessionService$1.class:?]
	at com.mojang.authlib.yggdrasil.YggdrasilMinecraftSessionService$1.load(YggdrasilMinecraftSessionService.java:57) [YggdrasilMinecraftSessionService$1.class:?]
	at com.google.common.cache.LocalCache$LoadingValueReference.loadFuture(LocalCache.java:3524) [guava-17.0.jar:?]
	at com.google.common.cache.LocalCache$Segment.loadSync(LocalCache.java:2317) [guava-17.0.jar:?]
	at com.google.common.cache.LocalCache$Segment.lockedGetOrLoad(LocalCache.java:2280) [guava-17.0.jar:?]
	at com.google.common.cache.LocalCache$Segment.get(LocalCache.java:2195) [guava-17.0.jar:?]
	at com.google.common.cache.LocalCache.get(LocalCache.java:3934) [guava-17.0.jar:?]
	at com.google.common.cache.LocalCache.getOrLoad(LocalCache.java:3938) [guava-17.0.jar:?]
	at com.google.common.cache.LocalCache$LocalLoadingCache.get(LocalCache.java:4821) [guava-17.0.jar:?]
	at com.google.common.cache.LocalCache$LocalLoadingCache.getUnchecked(LocalCache.java:4827) [guava-17.0.jar:?]
	at com.mojang.authlib.yggdrasil.YggdrasilMinecraftSessionService.fillProfileProperties(YggdrasilMinecraftSessionService.java:170) [YggdrasilMinecraftSessionService.class:?]
	at net.minecraft.client.Minecraft.getProfileProperties(Minecraft.java:3054) [Minecraft.class:?]
	at net.minecraft.client.resources.SkinManager$3.run(SkinManager.java:138) [SkinManager$3.class:?]
	at java.util.concurrent.Executors$RunnableAdapter.call(Unknown Source) [?:1.8.0_101]
	at java.util.concurrent.FutureTask.run(Unknown Source) [?:1.8.0_101]
	at java.util.concurrent.ThreadPoolExecutor.runWorker(Unknown Source) [?:1.8.0_101]
	at java.util.concurrent.ThreadPoolExecutor$Worker.run(Unknown Source) [?:1.8.0_101]
	at java.lang.Thread.run(Unknown Source) [?:1.8.0_101]
[15:42:35] [Server thread/INFO]: Saving and pausing game...
[15:42:36] [Server thread/INFO]: Saving chunks for level 'New World'/Overworld
[15:42:37] [Server thread/INFO]: Saving chunks for level 'New World'/Nether
[15:42:37] [Server thread/INFO]: Saving chunks for level 'New World'/The End
[15:42:37] [Server thread/WARN]: Can't keep up! Did the system time change, or is the server overloaded? Running 5775ms behind, skipping 115 tick(s)
[15:42:57] [Server thread/INFO]: Saving and pausing game...
[15:42:57] [Server thread/INFO]: Saving chunks for level 'New World'/Overworld
[15:42:57] [Server thread/INFO]: Saving chunks for level 'New World'/Nether
[15:42:57] [Server thread/INFO]: Saving chunks for level 'New World'/The End
[15:42:58] [Server thread/INFO]: Stopping server
[15:42:58] [Server thread/INFO]: Saving players
[15:42:58] [Server thread/INFO]: Player857 lost connection: TextComponent{text='Disconnected', siblings=[], style=Style{hasParent=false, color=null, bold=null, italic=null, underlined=null, obfuscated=null, clickEvent=null, hoverEvent=null, insertion=null}}
[15:42:58] [Server thread/INFO]: Player857 left the game
[15:42:58] [Server thread/INFO]: Stopping singleplayer server as player logged out
[15:42:58] [Server thread/INFO]: Saving worlds
[15:42:58] [Server thread/INFO]: Saving chunks for level 'New World'/Overworld
[15:42:58] [Server thread/INFO]: Saving chunks for level 'New World'/Nether
[15:42:58] [Server thread/INFO]: Saving chunks for level 'New World'/The End
[15:42:59] [Client thread/INFO]: Stopping!
[15:42:59] [Client thread/INFO]: SoundSystem shutting down...
[15:42:59] [Client thread/WARN]: Author: Paul Lamb, www.paulscode.com
